SF:/home/igor/Documents/GitHub/testes-com-nunit/Program/Television.cs
FN:22,System.Boolean Television::GetIsOn()
FNDA:2,System.Boolean Television::GetIsOn()
DA:23,2
DA:24,2
DA:25,2
FN:27,System.Int32 Television::GetVolume()
FNDA:10,System.Int32 Television::GetVolume()
DA:28,10
DA:29,10
DA:30,10
FN:32,System.Int32 Television::GetChannel()
FNDA:10,System.Int32 Television::GetChannel()
DA:33,10
DA:34,10
DA:35,10
FN:37,System.Int32 Television::GetMaxVolume()
FNDA:1,System.Int32 Television::GetMaxVolume()
DA:38,1
DA:39,1
DA:40,1
FN:42,System.Int32 Television::GetMinVolume()
FNDA:1,System.Int32 Television::GetMinVolume()
DA:43,1
DA:44,1
DA:45,1
FN:47,System.Int32 Television::GetMaxChannel()
FNDA:1,System.Int32 Television::GetMaxChannel()
DA:48,1
DA:49,1
DA:50,1
FN:52,System.Int32 Television::GetMinChannel()
FNDA:1,System.Int32 Television::GetMinChannel()
DA:53,1
DA:54,1
DA:55,1
FN:57,System.Void Television::ToggleIsOn()
FNDA:12,System.Void Television::ToggleIsOn()
DA:58,12
DA:59,12
DA:60,12
FN:62,System.Boolean Television::IncreaseVolumeByOne()
FNDA:105,System.Boolean Television::IncreaseVolumeByOne()
DA:63,105
DA:64,105
DA:66,108
DA:68,102
DA:69,102
DA:70,105
BRDA:66,13,0,103
BRDA:66,13,1,2
BRDA:66,29,0,3
BRDA:66,29,1,102
FN:74,System.Boolean Television::DecreaseVolumeByOne()
FNDA:2,System.Boolean Television::DecreaseVolumeByOne()
DA:75,2
DA:76,2
DA:78,3
DA:80,1
DA:81,1
DA:82,2
BRDA:78,12,0,1
BRDA:78,12,1,1
BRDA:78,28,0,1
BRDA:78,28,1,1
FN:85,System.Boolean Television::IncreaseChannelByOne()
FNDA:88,System.Boolean Television::IncreaseChannelByOne()
DA:86,88
DA:87,88
DA:89,92
DA:91,84
DA:92,84
DA:93,88
BRDA:89,13,0,85
BRDA:89,13,1,3
BRDA:89,29,0,4
BRDA:89,29,1,84
FN:95,System.Boolean Television::DecreaseChannelByOne()
FNDA:4,System.Boolean Television::DecreaseChannelByOne()
DA:96,4
DA:97,4
DA:99,7
DA:101,1
DA:102,1
DA:103,4
BRDA:99,12,0,1
BRDA:99,12,1,3
BRDA:99,28,0,3
BRDA:99,28,1,1
FN:105,System.String Television::GetFormattedVolume()
FNDA:2,System.String Television::GetFormattedVolume()
DA:106,2
DA:107,2
DA:108,2
FN:110,System.String Television::GetFormattedChannel()
FNDA:2,System.String Television::GetFormattedChannel()
DA:111,2
DA:112,2
DA:113,2
FN:115,System.String Television::ToString()
FNDA:2,System.String Television::ToString()
DA:116,2
DA:117,2
DA:118,2
DA:119,2
DA:120,2
DA:121,2
DA:122,2
DA:123,1
DA:124,1
DA:125,1
DA:127,1
DA:128,1
DA:130,1
DA:131,2
DA:132,2
DA:133,2
DA:134,2
DA:136,2
DA:137,2
BRDA:122,100,0,1
BRDA:122,100,1,1
FN:14,System.Void Television::.ctor()
FNDA:16,System.Void Television::.ctor()
DA:15,16
DA:16,16
DA:17,16
DA:18,16
DA:19,16
DA:20,16
LF:79
LH:79
BRF:18
BRH:18
FNF:16
FNH:16
end_of_record
SF:/home/igor/Documents/GitHub/testes-com-nunit/Program/Program.cs
FN:7,System.Void Program.Program::ClearTerminal()
FNDA:0,System.Void Program.Program::ClearTerminal()
DA:8,0
DA:9,0
DA:10,0
FN:12,System.Void Program.Program::Pause()
FNDA:0,System.Void Program.Program::Pause()
DA:13,0
DA:14,0
DA:15,0
DA:16,0
FN:18,System.Int32 Program.Program::Control()
FNDA:0,System.Int32 Program.Program::Control()
DA:19,0
DA:20,0
DA:21,0
DA:22,0
DA:23,0
DA:24,0
DA:25,0
DA:26,0
DA:27,0
DA:28,0
DA:29,0
DA:30,0
DA:31,0
DA:32,0
DA:33,0
DA:34,0
DA:35,0
DA:36,0
DA:39,0
DA:41,0
DA:42,0
DA:43,0
DA:44,0
DA:45,0
DA:48,0
DA:49,0
FN:51,System.Void Program.Program::Main(System.String[])
FNDA:0,System.Void Program.Program::Main(System.String[])
DA:52,0
DA:53,0
DA:55,0
DA:58,0
DA:59,0
DA:60,0
DA:61,0
DA:64,0
DA:67,0
DA:68,0
DA:69,0
DA:70,0
DA:71,0
DA:74,0
DA:75,0
DA:78,0
DA:80,0
DA:81,0
DA:82,0
DA:83,0
DA:84,0
DA:85,0
DA:86,0
DA:87,0
DA:90,0
DA:91,0
DA:92,0
DA:93,0
DA:94,0
DA:95,0
DA:96,0
DA:97,0
DA:98,0
DA:101,0
DA:103,0
DA:104,0
DA:105,0
DA:106,0
DA:107,0
DA:108,0
DA:109,0
DA:110,0
DA:113,0
DA:114,0
DA:115,0
DA:116,0
DA:117,0
DA:118,0
DA:119,0
DA:120,0
DA:122,0
DA:125,0
DA:127,0
DA:128,0
DA:129,0
DA:130,0
DA:131,0
DA:132,0
DA:133,0
DA:134,0
DA:137,0
DA:138,0
DA:139,0
DA:140,0
DA:141,0
DA:142,0
DA:143,0
DA:144,0
DA:145,0
DA:148,0
DA:150,0
DA:151,0
DA:152,0
DA:153,0
DA:154,0
DA:155,0
DA:156,0
DA:157,0
DA:159,0
DA:160,0
DA:161,0
DA:162,0
DA:163,0
DA:164,0
DA:165,0
DA:166,0
DA:167,0
DA:170,0
DA:171,0
DA:172,0
DA:173,0
DA:174,0
DA:175,0
DA:179,0
DA:184,0
BRDA:179,727,1,0
BRDA:64,43,1,0
BRDA:64,43,2,0
BRDA:64,43,3,0
BRDA:80,153,0,0
BRDA:80,153,1,0
BRDA:90,214,0,0
BRDA:64,43,4,0
BRDA:103,288,0,0
BRDA:103,288,1,0
BRDA:113,349,0,0
BRDA:64,43,5,0
BRDA:127,424,0,0
BRDA:127,424,1,0
BRDA:137,486,0,0
BRDA:64,43,6,0
BRDA:150,561,0,0
BRDA:150,561,1,0
BRDA:159,620,0,0
BRDA:64,43,0,0
BRDA:90,214,1,0
BRDA:113,349,1,0
BRDA:137,486,1,0
BRDA:159,620,1,0
BRDA:179,727,0,0
LF:128
LH:0
BRF:25
BRH:0
FNF:4
FNH:0
end_of_record