SF:/home/igor/Documents/GitHub/testes-com-nunit/Program/Television.cs
FN:22,System.Boolean Television::GetIsOn()
FNDA:2,System.Boolean Television::GetIsOn()
DA:23,2
DA:24,2
DA:25,2
FN:27,System.Int32 Television::GetVolume()
FNDA:10,System.Int32 Television::GetVolume()
DA:28,10
DA:29,10
DA:30,10
FN:32,System.Int32 Television::GetChannel()
FNDA:10,System.Int32 Television::GetChannel()
DA:33,10
DA:34,10
DA:35,10
FN:37,System.Int32 Television::GetMaxVolume()
FNDA:1,System.Int32 Television::GetMaxVolume()
DA:38,1
DA:39,1
DA:40,1
FN:42,System.Int32 Television::GetMinVolume()
FNDA:1,System.Int32 Television::GetMinVolume()
DA:43,1
DA:44,1
DA:45,1
FN:47,System.Int32 Television::GetMaxChannel()
FNDA:1,System.Int32 Television::GetMaxChannel()
DA:48,1
DA:49,1
DA:50,1
FN:52,System.Int32 Television::GetMinChannel()
FNDA:1,System.Int32 Television::GetMinChannel()
DA:53,1
DA:54,1
DA:55,1
FN:57,System.Void Television::ToggleIsOn()
FNDA:11,System.Void Television::ToggleIsOn()
DA:58,11
DA:59,11
DA:60,11
FN:62,System.Boolean Television::IncreaseVolumeByOne()
FNDA:105,System.Boolean Television::IncreaseVolumeByOne()
DA:63,105
DA:66,105
DA:68,108
DA:70,102
DA:71,102
DA:72,105
BRDA:68,13,0,103
BRDA:68,13,1,2
BRDA:68,29,0,3
BRDA:68,29,1,102
FN:76,System.Boolean Television::DecreaseVolumeByOne()
FNDA:2,System.Boolean Television::DecreaseVolumeByOne()
DA:77,2
DA:78,2
DA:80,3
DA:82,1
DA:83,1
DA:84,2
BRDA:80,12,0,1
BRDA:80,12,1,1
BRDA:80,28,0,1
BRDA:80,28,1,1
FN:87,System.Boolean Television::IncreaseChannelByOne()
FNDA:88,System.Boolean Television::IncreaseChannelByOne()
DA:88,88
DA:89,88
DA:91,92
DA:93,84
DA:94,84
DA:95,88
BRDA:91,13,0,85
BRDA:91,13,1,3
BRDA:91,29,0,4
BRDA:91,29,1,84
FN:97,System.Boolean Television::DecreaseChannelByOne()
FNDA:4,System.Boolean Television::DecreaseChannelByOne()
DA:98,4
DA:99,4
DA:101,7
DA:103,1
DA:104,1
DA:105,4
BRDA:101,12,0,1
BRDA:101,12,1,3
BRDA:101,28,0,3
BRDA:101,28,1,1
FN:107,System.String Television::GetFormattedVolume()
FNDA:0,System.String Television::GetFormattedVolume()
DA:108,0
DA:109,0
DA:110,0
DA:111,0
DA:114,0
DA:115,0
BRDA:109,13,0,0
BRDA:109,13,1,0
FN:117,System.String Television::GetFormattedChannel()
FNDA:0,System.String Television::GetFormattedChannel()
DA:118,0
DA:119,0
DA:120,0
DA:121,0
DA:123,0
DA:124,0
BRDA:119,13,0,0
BRDA:119,13,1,0
FN:126,System.String Television::ToString()
FNDA:0,System.String Television::ToString()
DA:127,0
DA:128,0
DA:129,0
DA:130,0
DA:131,0
DA:132,0
DA:133,0
DA:134,0
DA:135,0
DA:136,0
DA:138,0
DA:139,0
DA:141,0
DA:142,0
DA:143,0
DA:144,0
DA:145,0
DA:147,0
DA:148,0
BRDA:133,100,0,0
BRDA:133,100,1,0
FN:14,System.Void Television::.ctor()
FNDA:14,System.Void Television::.ctor()
DA:15,14
DA:16,14
DA:17,14
DA:18,14
DA:19,14
DA:20,14
LF:85
LH:54
BRF:22
BRH:16
FNF:16
FNH:13
end_of_record
SF:/home/igor/Documents/GitHub/testes-com-nunit/Program/Program.cs
FN:7,System.Void Program.Program::ClearTerminal()
FNDA:0,System.Void Program.Program::ClearTerminal()
DA:8,0
DA:9,0
DA:10,0
FN:12,System.Void Program.Program::Pause()
FNDA:0,System.Void Program.Program::Pause()
DA:13,0
DA:14,0
DA:15,0
DA:16,0
FN:18,System.Int32 Program.Program::Control()
FNDA:0,System.Int32 Program.Program::Control()
DA:19,0
DA:20,0
DA:21,0
DA:22,0
DA:23,0
DA:24,0
DA:25,0
DA:26,0
DA:27,0
DA:28,0
DA:29,0
DA:30,0
DA:31,0
DA:32,0
DA:33,0
DA:34,0
DA:35,0
DA:36,0
DA:37,0
DA:38,0
DA:39,0
FN:41,System.Void Program.Program::Main(System.String[])
FNDA:0,System.Void Program.Program::Main(System.String[])
DA:42,0
DA:43,0
DA:45,0
DA:48,0
DA:49,0
DA:50,0
DA:51,0
DA:53,0
DA:56,0
DA:59,0
DA:60,0
DA:63,0
DA:64,0
DA:65,0
DA:66,0
DA:67,0
DA:68,0
DA:69,0
DA:70,0
DA:71,0
DA:72,0
DA:73,0
DA:74,0
DA:75,0
DA:77,0
DA:79,0
DA:80,0
DA:81,0
DA:82,0
DA:83,0
DA:84,0
DA:85,0
DA:86,0
DA:87,0
DA:88,0
DA:89,0
DA:90,0
DA:93,0
DA:95,0
DA:96,0
DA:97,0
DA:98,0
DA:99,0
DA:100,0
DA:101,0
DA:102,0
DA:103,0
DA:104,0
DA:105,0
DA:106,0
DA:108,0
DA:110,0
DA:111,0
DA:112,0
DA:113,0
DA:114,0
DA:115,0
DA:116,0
DA:117,0
DA:118,0
DA:120,0
DA:121,0
DA:122,0
DA:123,0
DA:124,0
DA:125,0
DA:129,0
DA:134,0
BRDA:129,424,1,0
BRDA:53,43,2,0
BRDA:53,43,3,0
BRDA:64,109,0,0
BRDA:53,43,4,0
BRDA:79,178,0,0
BRDA:53,43,5,0
BRDA:95,249,0,0
BRDA:53,43,6,0
BRDA:110,317,0,0
BRDA:53,43,0,0
BRDA:53,43,1,0
BRDA:64,109,1,0
BRDA:79,178,1,0
BRDA:95,249,1,0
BRDA:110,317,1,0
BRDA:129,424,0,0
LF:96
LH:0
BRF:17
BRH:0
FNF:4
FNH:0
end_of_record